{"/home/mihunchik/project2/src/parser.js": {"path":"/home/mihunchik/project2/src/parser.js","statementMap":{"0":{"start":{"line":5,"column":18},"end":{"line":5,"column":46}},"1":{"start":{"line":6,"column":15},"end":{"line":6,"column":31}},"2":{"start":{"line":7,"column":2},"end":{"line":7,"column":20}}},"fnMap":{"0":{"name":"(anonymous_0)","decl":{"start":{"line":4,"column":15},"end":{"line":4,"column":16}},"loc":{"start":{"line":4,"column":41},"end":{"line":8,"column":1}},"line":4}},"branchMap":{},"s":{"0":1,"1":1,"2":1},"f":{"0":1},"b":{},"_coverageSchema":"1a1c01bbd47fc00a2c39e90264f33305004495a9","hash":"87863cdd5eaacef82ae29c96563016b00abab2d8"}
,"/home/mihunchik/project2/src/modules/getDifferent.js": {"path":"/home/mihunchik/project2/src/modules/getDifferent.js","statementMap":{"0":{"start":{"line":5,"column":23},"end":{"line":5,"column":26}},"1":{"start":{"line":6,"column":19},"end":{"line":6,"column":36}},"2":{"start":{"line":7,"column":19},"end":{"line":7,"column":36}},"3":{"start":{"line":8,"column":18},"end":{"line":21,"column":4}},"4":{"start":{"line":9,"column":4},"end":{"line":18,"column":5}},"5":{"start":{"line":10,"column":6},"end":{"line":12,"column":7}},"6":{"start":{"line":11,"column":8},"end":{"line":11,"column":42}},"7":{"start":{"line":14,"column":23},"end":{"line":14,"column":49}},"8":{"start":{"line":15,"column":24},"end":{"line":15,"column":50}},"9":{"start":{"line":16,"column":21},"end":{"line":16,"column":42}},"10":{"start":{"line":17,"column":6},"end":{"line":17,"column":25}},"11":{"start":{"line":20,"column":4},"end":{"line":20,"column":38}},"12":{"start":{"line":24,"column":18},"end":{"line":28,"column":41}},"13":{"start":{"line":25,"column":4},"end":{"line":27,"column":5}},"14":{"start":{"line":26,"column":6},"end":{"line":26,"column":40}},"15":{"start":{"line":28,"column":22},"end":{"line":28,"column":40}},"16":{"start":{"line":30,"column":17},"end":{"line":30,"column":41}},"17":{"start":{"line":31,"column":20},"end":{"line":31,"column":33}},"18":{"start":{"line":33,"column":21},"end":{"line":33,"column":38}},"19":{"start":{"line":35,"column":2},"end":{"line":35,"column":42}}},"fnMap":{"0":{"name":"(anonymous_0)","decl":{"start":{"line":4,"column":15},"end":{"line":4,"column":16}},"loc":{"start":{"line":4,"column":24},"end":{"line":36,"column":1}},"line":4},"1":{"name":"(anonymous_1)","decl":{"start":{"line":8,"column":31},"end":{"line":8,"column":32}},"loc":{"start":{"line":8,"column":40},"end":{"line":21,"column":3}},"line":8},"2":{"name":"(anonymous_2)","decl":{"start":{"line":24,"column":31},"end":{"line":24,"column":32}},"loc":{"start":{"line":24,"column":40},"end":{"line":28,"column":3}},"line":24},"3":{"name":"(anonymous_3)","decl":{"start":{"line":28,"column":12},"end":{"line":28,"column":13}},"loc":{"start":{"line":28,"column":22},"end":{"line":28,"column":40}},"line":28}},"branchMap":{"0":{"loc":{"start":{"line":9,"column":4},"end":{"line":18,"column":5}},"type":"if","locations":[{"start":{"line":9,"column":4},"end":{"line":18,"column":5}},{"start":{},"end":{}}],"line":9},"1":{"loc":{"start":{"line":10,"column":6},"end":{"line":12,"column":7}},"type":"if","locations":[{"start":{"line":10,"column":6},"end":{"line":12,"column":7}},{"start":{},"end":{}}],"line":10},"2":{"loc":{"start":{"line":25,"column":4},"end":{"line":27,"column":5}},"type":"if","locations":[{"start":{"line":25,"column":4},"end":{"line":27,"column":5}},{"start":{},"end":{}}],"line":25}},"s":{"0":2,"1":2,"2":2,"3":2,"4":8,"5":4,"6":2,"7":2,"8":2,"9":2,"10":2,"11":4,"12":2,"13":6,"14":2,"15":6,"16":2,"17":2,"18":2,"19":2},"f":{"0":2,"1":8,"2":6,"3":6},"b":{"0":[4,4],"1":[2,2],"2":[2,4]},"_coverageSchema":"1a1c01bbd47fc00a2c39e90264f33305004495a9","hash":"d7f3fc833ebe6eb76d1d6e5195bec1cfde0513e9"}
,"/home/mihunchik/project2/src/modules/getObjects.js": {"path":"/home/mihunchik/project2/src/modules/getObjects.js","statementMap":{"0":{"start":{"line":4,"column":18},"end":{"line":4,"column":61}},"1":{"start":{"line":5,"column":18},"end":{"line":5,"column":61}},"2":{"start":{"line":6,"column":2},"end":{"line":6,"column":28}}},"fnMap":{"0":{"name":"(anonymous_0)","decl":{"start":{"line":3,"column":15},"end":{"line":3,"column":16}},"loc":{"start":{"line":3,"column":33},"end":{"line":7,"column":1}},"line":3}},"branchMap":{},"s":{"0":2,"1":2,"2":2},"f":{"0":2},"b":{},"_coverageSchema":"1a1c01bbd47fc00a2c39e90264f33305004495a9","hash":"def9308737f97eeae68435f910ee806932feb832"}
,"/home/mihunchik/project2/src/modules/sort.js": {"path":"/home/mihunchik/project2/src/modules/sort.js","statementMap":{"0":{"start":{"line":4,"column":21},"end":{"line":14,"column":4}},"1":{"start":{"line":5,"column":4},"end":{"line":7,"column":5}},"2":{"start":{"line":6,"column":6},"end":{"line":6,"column":15}},"3":{"start":{"line":8,"column":4},"end":{"line":10,"column":5}},"4":{"start":{"line":9,"column":6},"end":{"line":9,"column":16}},"5":{"start":{"line":11,"column":4},"end":{"line":13,"column":5}},"6":{"start":{"line":12,"column":6},"end":{"line":12,"column":15}},"7":{"start":{"line":15,"column":2},"end":{"line":15,"column":20}}},"fnMap":{"0":{"name":"(anonymous_0)","decl":{"start":{"line":2,"column":15},"end":{"line":2,"column":16}},"loc":{"start":{"line":2,"column":24},"end":{"line":16,"column":1}},"line":2},"1":{"name":"(anonymous_1)","decl":{"start":{"line":4,"column":30},"end":{"line":4,"column":31}},"loc":{"start":{"line":4,"column":40},"end":{"line":14,"column":3}},"line":4}},"branchMap":{"0":{"loc":{"start":{"line":5,"column":4},"end":{"line":7,"column":5}},"type":"if","locations":[{"start":{"line":5,"column":4},"end":{"line":7,"column":5}},{"start":{},"end":{}}],"line":5},"1":{"loc":{"start":{"line":8,"column":4},"end":{"line":10,"column":5}},"type":"if","locations":[{"start":{"line":8,"column":4},"end":{"line":10,"column":5}},{"start":{},"end":{}}],"line":8},"2":{"loc":{"start":{"line":11,"column":4},"end":{"line":13,"column":5}},"type":"if","locations":[{"start":{"line":11,"column":4},"end":{"line":13,"column":5}},{"start":{},"end":{}}],"line":11}},"s":{"0":3,"1":30,"2":12,"3":18,"4":15,"5":3,"6":3,"7":3},"f":{"0":3,"1":30},"b":{"0":[12,18],"1":[15,3],"2":[3,0]},"_coverageSchema":"1a1c01bbd47fc00a2c39e90264f33305004495a9","hash":"aef5642cacb2fd654bdc745f170bd3b460c46b76"}
}
