TN:
SF:src/parser.js
FN:4,(anonymous_0)
FNF:1
FNH:1
FNDA:1,(anonymous_0)
DA:5,1
DA:6,1
DA:7,1
LF:3
LH:3
BRF:0
BRH:0
end_of_record
TN:
SF:src/modules/getDifferent.js
FN:4,(anonymous_0)
FN:8,(anonymous_1)
FN:24,(anonymous_2)
FN:28,(anonymous_3)
FNF:4
FNH:4
FNDA:2,(anonymous_0)
FNDA:8,(anonymous_1)
FNDA:6,(anonymous_2)
FNDA:6,(anonymous_3)
DA:5,2
DA:6,2
DA:7,2
DA:8,2
DA:9,8
DA:10,4
DA:11,2
DA:14,2
DA:15,2
DA:16,2
DA:17,2
DA:20,4
DA:24,2
DA:25,6
DA:26,2
DA:28,6
DA:30,2
DA:31,2
DA:33,2
DA:35,2
LF:20
LH:20
BRDA:9,0,0,4
BRDA:9,0,1,4
BRDA:10,1,0,2
BRDA:10,1,1,2
BRDA:25,2,0,2
BRDA:25,2,1,4
BRF:6
BRH:6
end_of_record
TN:
SF:src/modules/getObjects.js
FN:3,(anonymous_0)
FNF:1
FNH:1
FNDA:2,(anonymous_0)
DA:4,2
DA:5,2
DA:6,2
LF:3
LH:3
BRF:0
BRH:0
end_of_record
TN:
SF:src/modules/sort.js
FN:2,(anonymous_0)
FN:4,(anonymous_1)
FNF:2
FNH:2
FNDA:3,(anonymous_0)
FNDA:30,(anonymous_1)
DA:4,3
DA:5,30
DA:6,12
DA:8,18
DA:9,15
DA:11,3
DA:12,3
DA:15,3
LF:8
LH:8
BRDA:5,0,0,12
BRDA:5,0,1,18
BRDA:8,1,0,15
BRDA:8,1,1,3
BRDA:11,2,0,3
BRDA:11,2,1,0
BRF:6
BRH:5
end_of_record
